  designs.cpp
C:\Users\kimba\Documents\Project Math\Visual design\designs\designs\designs.cpp(5,10): warning C4566: character represented by universal-character-name '\u2588' cannot be represented in the current code page (1252)
C:\Users\kimba\Documents\Project Math\Visual design\designs\designs\designs.cpp(5,10): warning C4566: character represented by universal-character-name '\u2580' cannot be represented in the current code page (1252)
C:\Users\kimba\Documents\Project Math\Visual design\designs\designs\designs.cpp(6,10): warning C4566: character represented by universal-character-name '\u2588' cannot be represented in the current code page (1252)
C:\Users\kimba\Documents\Project Math\Visual design\designs\designs\designs.cpp(6,10): warning C4566: character represented by universal-character-name '\u2591' cannot be represented in the current code page (1252)
C:\Users\kimba\Documents\Project Math\Visual design\designs\designs\designs.cpp(6,10): warning C4566: character represented by universal-character-name '\u2566' cannot be represented in the current code page (1252)
C:\Users\kimba\Documents\Project Math\Visual design\designs\designs\designs.cpp(6,10): warning C4566: character represented by universal-character-name '\u2500' cannot be represented in the current code page (1252)
C:\Users\kimba\Documents\Project Math\Visual design\designs\designs\designs.cpp(6,10): warning C4566: character represented by universal-character-name '\u2554' cannot be represented in the current code page (1252)
C:\Users\kimba\Documents\Project Math\Visual design\designs\designs\designs.cpp(6,10): warning C4566: character represented by universal-character-name '\u2557' cannot be represented in the current code page (1252)
C:\Users\kimba\Documents\Project Math\Visual design\designs\designs\designs.cpp(7,10): warning C4566: character represented by universal-character-name '\u2588' cannot be represented in the current code page (1252)
C:\Users\kimba\Documents\Project Math\Visual design\designs\designs\designs.cpp(7,10): warning C4566: character represented by universal-character-name '\u2591' cannot be represented in the current code page (1252)
C:\Users\kimba\Documents\Project Math\Visual design\designs\designs\designs.cpp(7,10): warning C4566: character represented by universal-character-name '\u2551' cannot be represented in the current code page (1252)
C:\Users\kimba\Documents\Project Math\Visual design\designs\designs\designs.cpp(7,10): warning C4566: character represented by universal-character-name '\u2560' cannot be represented in the current code page (1252)
C:\Users\kimba\Documents\Project Math\Visual design\designs\designs\designs.cpp(7,10): warning C4566: character represented by universal-character-name '\u2500' cannot be represented in the current code page (1252)
C:\Users\kimba\Documents\Project Math\Visual design\designs\designs\designs.cpp(8,10): warning C4566: character represented by universal-character-name '\u2588' cannot be represented in the current code page (1252)
C:\Users\kimba\Documents\Project Math\Visual design\designs\designs\designs.cpp(8,10): warning C4566: character represented by universal-character-name '\u2591' cannot be represented in the current code page (1252)
C:\Users\kimba\Documents\Project Math\Visual design\designs\designs\designs.cpp(8,10): warning C4566: character represented by universal-character-name '\u255A' cannot be represented in the current code page (1252)
C:\Users\kimba\Documents\Project Math\Visual design\designs\designs\designs.cpp(8,10): warning C4566: character represented by universal-character-name '\u2569' cannot be represented in the current code page (1252)
C:\Users\kimba\Documents\Project Math\Visual design\designs\designs\designs.cpp(8,10): warning C4566: character represented by universal-character-name '\u255D' cannot be represented in the current code page (1252)
C:\Users\kimba\Documents\Project Math\Visual design\designs\designs\designs.cpp(8,10): warning C4566: character represented by universal-character-name '\u2500' cannot be represented in the current code page (1252)
C:\Users\kimba\Documents\Project Math\Visual design\designs\designs\designs.cpp(9,10): warning C4566: character represented by universal-character-name '\u2588' cannot be represented in the current code page (1252)
C:\Users\kimba\Documents\Project Math\Visual design\designs\designs\designs.cpp(9,10): warning C4566: character represented by universal-character-name '\u2584' cannot be represented in the current code page (1252)
  designs.vcxproj -> C:\Users\kimba\Documents\Project Math\Visual design\designs\Debug\designs.exe
